<?xml version="1.0" encoding="UTF-8"?>
<!-- Generated by org.testng.reporters.JUnitReportReporter -->
<testsuite hostname="Atuls-MacBook-Air.local" failures="0" tests="1" name="adpractice.tests.ErrorValidations" time="3.484" errors="0" timestamp="2025-07-04T10:20:00 IST" skipped="0">
  <testcase classname="adpractice.tests.ErrorValidations" name="submitOrder" time="3.484"/>
</testsuite> <!-- adpractice.tests.ErrorValidations -->
