<?xml version="1.0" encoding="UTF-8"?>
<!-- Generated by org.testng.reporters.JUnitReportReporter -->
<testsuite hostname="Atuls-MacBook-Air.local" failures="0" tests="1" name="adpractice.tests.StandAloneTestToPageObject" time="20.383" errors="0" timestamp="2025-07-03T21:39:49 IST" skipped="0">
  <testcase classname="adpractice.tests.StandAloneTestToPageObject" name="submitOrder" time="20.383"/>
</testsuite> <!-- adpractice.tests.StandAloneTestToPageObject -->
