<?xml version="1.0" encoding="UTF-8"?>
<!-- Generated by org.testng.reporters.JUnitReportReporter -->
<testsuite hostname="Atuls-MacBook-Air.local" failures="0" tests="3" name="adpractice.tests.SubmitOrderTest" time="31.011" errors="0" timestamp="2025-07-10T20:18:03 IST" skipped="0">
  <testcase classname="adpractice.tests.SubmitOrderTest" name="submitOrder" time="12.701"/>
  <testcase classname="adpractice.tests.SubmitOrderTest" name="submitOrder" time="13.653"/>
  <testcase classname="adpractice.tests.SubmitOrderTest" name="orderHistoryTest" time="4.657"/>
</testsuite> <!-- adpractice.tests.SubmitOrderTest -->
