<?xml version="1.0" encoding="UTF-8"?>
<!-- Generated by org.testng.reporters.JUnitReportReporter -->
<testsuite hostname="Atuls-MacBook-Air.local" failures="0" tests="2" name="adpractice.tests.ErrorValidationsTest" time="27.304" errors="0" timestamp="2025-07-11T09:57:45 IST" skipped="0">
  <testcase classname="adpractice.tests.ErrorValidationsTest" name="ProductErrorValidation" time="22.245"/>
  <testcase classname="adpractice.tests.ErrorValidationsTest" name="LoginErrorValidation" time="5.059"/>
</testsuite> <!-- adpractice.tests.ErrorValidationsTest -->
