<?xml version="1.0" encoding="UTF-8"?>
<!-- Generated by org.testng.reporters.JUnitReportReporter -->
<testsuite hostname="Atuls-MacBook-Air.local" failures="0" tests="3" name="adpractice.tests.SubmitOrderTest" time="30.421" errors="0" timestamp="2025-07-11T09:57:45 IST" skipped="0">
  <testcase classname="adpractice.tests.SubmitOrderTest" name="submitOrder" time="13.081"/>
  <testcase classname="adpractice.tests.SubmitOrderTest" name="submitOrder" time="12.883"/>
  <testcase classname="adpractice.tests.SubmitOrderTest" name="orderHistoryTest" time="4.457"/>
</testsuite> <!-- adpractice.tests.SubmitOrderTest -->
